2025-08-12 10:10:45.803 [http-nio-8080-exec-7] INFO  business.product - [STOCK][ORDER][DECREASE] productId=1, name='Product233', before=20, delta=-7, after=13
2025-08-12 10:10:45.805 [http-nio-8080-exec-7] INFO  business.product - [STOCK][ORDER][DECREASE] productId=2, name='Product22', before=20, delta=-5, after=15
2025-08-12 10:13:19.883 [http-nio-8080-exec-4] INFO  business.product - [STOCK][ORDER][DECREASE] productId=1, name='Product233', before=13, delta=-7, after=6
2025-08-12 10:13:19.883 [http-nio-8080-exec-4] INFO  business.product - [STOCK][ORDER][DECREASE] productId=2, name='Product22', before=15, delta=-5, after=10
2025-08-12 10:13:38.122 [http-nio-8080-exec-7] INFO  business.product - [STOCK][ORDER][DECREASE] productId=1, name='Product233', before=6, delta=-1, after=5
2025-08-12 10:13:38.123 [http-nio-8080-exec-7] INFO  business.product - [STOCK][ORDER][DECREASE] productId=2, name='Product22', before=10, delta=-2, after=8
2025-08-12 10:19:12.715 [http-nio-8080-exec-10] INFO  business.product - [PRODUCT][DELETE][REQ] id=1
2025-08-12 10:19:12.718 [http-nio-8080-exec-10] INFO  business.product - [PRODUCT][DELETE][RES] id=1 done
2025-08-12 10:33:41.310 [http-nio-8080-exec-5] INFO  business.product - [STOCK][ORDER][DECREASE] productId=1, name='Product233', before=20, delta=-1, after=19
2025-08-12 10:33:41.310 [http-nio-8080-exec-5] INFO  business.product - [STOCK][ORDER][DECREASE] productId=2, name='Product22', before=20, delta=-2, after=18
2025-08-12 10:54:15.288 [http-nio-8080-exec-10] INFO  business.product - [STOCK][ORDER][DECREASE] productId=1, name='Product233', before=20, delta=-1, after=19
2025-08-12 10:54:15.288 [http-nio-8080-exec-10] INFO  business.product - [STOCK][ORDER][DECREASE] productId=2, name='Product22', before=20, delta=-2, after=18
2025-08-12 10:54:44.490 [http-nio-8080-exec-4] INFO  business.product - [STOCK][ORDER][DECREASE] productId=1, name='Product233', before=19, delta=-3, after=16
2025-08-12 10:54:44.490 [http-nio-8080-exec-4] INFO  business.product - [STOCK][ORDER][DECREASE] productId=2, name='Product22', before=18, delta=-4, after=14
2025-08-12 11:03:53.126 [http-nio-8080-exec-10] INFO  business.product - [PRODUCT][DELETE][REQ] id=1
2025-08-12 11:03:53.129 [http-nio-8080-exec-10] INFO  business.product - [PRODUCT][DELETE][RES] id=1 done
2025-08-12 11:18:20.496 [http-nio-8080-exec-4] INFO  business.product - [PRODUCT][DELETE][REQ] id=1
2025-08-12 11:18:24.974 [http-nio-8080-exec-5] INFO  business.product - [STOCK][ORDER][DECREASE] productId=1, name='Product233', before=20, delta=-5, after=15
2025-08-12 11:18:24.975 [http-nio-8080-exec-5] INFO  business.product - [STOCK][ORDER][DECREASE] productId=2, name='Product22', before=20, delta=-6, after=14
2025-08-12 11:18:30.592 [http-nio-8080-exec-6] INFO  business.product - [PRODUCT][DELETE][REQ] id=1
2025-08-12 11:18:38.933 [http-nio-8080-exec-7] INFO  business.product - [STOCK][USER-CANCEL][INCREASE] productId=1, name='Product233', before=15, delta=+5, after=20, orderId=1, userId=2
2025-08-12 11:18:38.936 [http-nio-8080-exec-7] INFO  business.product - [STOCK][USER-CANCEL][INCREASE] productId=2, name='Product22', before=14, delta=+6, after=20, orderId=1, userId=2
2025-08-12 11:18:42.173 [http-nio-8080-exec-8] INFO  business.product - [PRODUCT][DELETE][REQ] id=1
2025-08-12 11:21:50.805 [http-nio-8080-exec-4] INFO  business.product - [STOCK][ORDER][DECREASE] productId=1, name='Product233', before=20, delta=-5, after=15
2025-08-12 11:21:50.806 [http-nio-8080-exec-4] INFO  business.product - [STOCK][ORDER][DECREASE] productId=2, name='Product22', before=20, delta=-6, after=14
2025-08-12 11:21:55.842 [http-nio-8080-exec-5] INFO  business.product - [STOCK][USER-CANCEL][INCREASE] productId=1, name='Product233', before=15, delta=+5, after=20, orderId=1, userId=2
2025-08-12 11:21:55.844 [http-nio-8080-exec-5] INFO  business.product - [STOCK][USER-CANCEL][INCREASE] productId=2, name='Product22', before=14, delta=+6, after=20, orderId=1, userId=2
2025-08-12 11:22:10.538 [http-nio-8080-exec-7] INFO  business.product - [PRODUCT][DELETE][REQ] id=1
2025-08-12 11:22:27.279 [http-nio-8080-exec-10] INFO  business.product - [PRODUCT][DELETE][REQ] id=1
2025-08-12 11:22:27.299 [http-nio-8080-exec-10] INFO  business.product - [PRODUCT][DELETE][RES] id=1 done
2025-08-12 11:23:56.879 [http-nio-8080-exec-4] INFO  business.product - [PRODUCT][DELETE][REQ] id=1
2025-08-12 11:23:56.891 [http-nio-8080-exec-4] INFO  business.product - [PRODUCT][DELETE][RES] id=1 done
2025-08-12 11:24:49.658 [http-nio-8080-exec-7] INFO  business.product - [STOCK][ORDER][DECREASE] productId=1, name='Product233', before=20, delta=-5, after=15
2025-08-12 11:24:49.658 [http-nio-8080-exec-7] INFO  business.product - [STOCK][ORDER][DECREASE] productId=2, name='Product22', before=20, delta=-12, after=8
2025-08-12 11:25:37.781 [http-nio-8080-exec-6] INFO  business.product - [STOCK][ORDER][DECREASE] productId=1, name='Product233', before=15, delta=-1, after=14
2025-08-12 11:25:37.782 [http-nio-8080-exec-6] INFO  business.product - [STOCK][ORDER][DECREASE] productId=2, name='Product22', before=8, delta=-2, after=6
2025-08-12 11:25:53.664 [http-nio-8080-exec-8] INFO  business.product - [STOCK][USER-CANCEL][INCREASE] productId=1, name='Product233', before=14, delta=+1, after=15, orderId=3, userId=1
2025-08-12 11:25:53.665 [http-nio-8080-exec-8] INFO  business.product - [STOCK][USER-CANCEL][INCREASE] productId=2, name='Product22', before=6, delta=+2, after=8, orderId=3, userId=1
2025-08-12 11:28:59.926 [http-nio-8080-exec-2] INFO  business.product - [PRODUCT][DELETE][REQ] id=1
2025-08-12 11:28:59.957 [http-nio-8080-exec-2] INFO  business.product - [PRODUCT][DELETE][RES] id=1 done
2025-08-12 11:33:31.139 [http-nio-8080-exec-3] INFO  business.product - [STOCK][ORDER][DECREASE] productId=1, name='Product233', before=20, delta=-5, after=15
2025-08-12 11:33:31.140 [http-nio-8080-exec-3] INFO  business.product - [STOCK][ORDER][DECREASE] productId=2, name='Product22', before=20, delta=-6, after=14
2025-08-12 11:33:33.689 [http-nio-8080-exec-4] INFO  business.product - [STOCK][USER-CANCEL][INCREASE] productId=1, name='Product233', before=15, delta=+5, after=20, orderId=1, userId=2
2025-08-12 11:33:33.691 [http-nio-8080-exec-4] INFO  business.product - [STOCK][USER-CANCEL][INCREASE] productId=2, name='Product22', before=14, delta=+6, after=20, orderId=1, userId=2
2025-08-12 11:33:47.817 [http-nio-8080-exec-6] INFO  business.product - [PRODUCT][DELETE][REQ] id=1
2025-08-12 11:33:47.836 [http-nio-8080-exec-6] INFO  business.product - [PRODUCT][DELETE][RES] id=1 done
2025-08-12 12:50:25.396 [http-nio-8080-exec-5] INFO  business.product - [PRODUCT][CREATE][REQ] name='name1', price=123213, stock=12, hasImage=true
2025-08-12 12:50:25.406 [http-nio-8080-exec-5] INFO  business.product - [PRODUCT][IMAGE][SAVE] name='name1' -> /resources/static/upload/2025/08/12/d5c005f5-344e-4b49-a0fc-27639d2e5d9f.jpg
2025-08-12 12:50:25.442 [http-nio-8080-exec-5] INFO  business.product - [PRODUCT][CREATE][RES] id=3, name='name1', price=123213, stock=12, imageUrl=/resources/static/upload/2025/08/12/d5c005f5-344e-4b49-a0fc-27639d2e5d9f.jpg
2025-08-12 12:50:32.399 [http-nio-8080-exec-6] INFO  business.product - [PRODUCT][DELETE][REQ] id=3
2025-08-12 12:50:32.423 [http-nio-8080-exec-6] INFO  business.product - [PRODUCT][IMAGE][DELETE] id=3, url=/resources/static/upload/2025/08/12/d5c005f5-344e-4b49-a0fc-27639d2e5d9f.jpg
2025-08-12 12:50:32.426 [http-nio-8080-exec-6] INFO  business.product - [PRODUCT][DELETE][RES] id=3 done
2025-08-12 14:07:45.160 [http-nio-8080-exec-5] INFO  business.product - [PRODUCT][CREATE][REQ] name='name1', price=123213, stock=12, hasImage=true
2025-08-12 14:07:45.167 [http-nio-8080-exec-5] INFO  business.product - [PRODUCT][IMAGE][SAVE] name='name1' -> /resources/static/upload/2025/08/12/7376f57c-1e76-4036-94bb-fa16a03c24d5.jpg
2025-08-12 14:07:45.189 [http-nio-8080-exec-5] INFO  business.product - [PRODUCT][CREATE][RES] id=4, name='name1', price=123213, stock=12, imageUrl=/resources/static/upload/2025/08/12/7376f57c-1e76-4036-94bb-fa16a03c24d5.jpg
2025-08-12 14:12:27.471 [http-nio-8080-exec-4] INFO  business.product - [PRODUCT][CREATE][REQ] name='name1', price=123213, stock=12, hasImage=true
2025-08-12 14:12:27.478 [http-nio-8080-exec-4] INFO  business.product - [PRODUCT][IMAGE][SAVE] name='name1' -> /upload/2025/08/12/12733ea4-3d6b-4dd1-9bf3-c24e80624a85.jpg
2025-08-12 14:12:27.502 [http-nio-8080-exec-4] INFO  business.product - [PRODUCT][CREATE][RES] id=4, name='name1', price=123213, stock=12, imageUrl=/upload/2025/08/12/12733ea4-3d6b-4dd1-9bf3-c24e80624a85.jpg
2025-08-12 14:15:46.987 [http-nio-8080-exec-2] INFO  business.product - [PRODUCT][CREATE][REQ] name='name1', price=123213, stock=12, hasImage=true
2025-08-12 14:15:46.994 [http-nio-8080-exec-2] INFO  business.product - [PRODUCT][IMAGE][SAVE] name='name1' -> /upload/2025/08/12/2e5d133c-52bc-4717-8af7-859182c8b432.jpg
2025-08-12 14:15:47.017 [http-nio-8080-exec-2] INFO  business.product - [PRODUCT][CREATE][RES] id=4, name='name1', price=123213, stock=12, imageUrl=/upload/2025/08/12/2e5d133c-52bc-4717-8af7-859182c8b432.jpg
2025-08-12 14:16:37.515 [http-nio-8080-exec-3] INFO  business.product - [PRODUCT][CREATE][REQ] name='name1', price=213213, stock=123, hasImage=true
2025-08-12 14:16:41.673 [http-nio-8080-exec-4] INFO  business.product - [PRODUCT][CREATE][REQ] name='name122', price=213213, stock=123, hasImage=true
2025-08-12 14:16:41.679 [http-nio-8080-exec-4] INFO  business.product - [PRODUCT][IMAGE][SAVE] name='name122' -> /upload/2025/08/12/776ea525-8f7d-4495-a019-f2c13a0db941.jpg
2025-08-12 14:16:41.684 [http-nio-8080-exec-4] INFO  business.product - [PRODUCT][CREATE][RES] id=5, name='name122', price=213213, stock=123, imageUrl=/upload/2025/08/12/776ea525-8f7d-4495-a019-f2c13a0db941.jpg
2025-08-12 14:23:55.480 [http-nio-8080-exec-5] INFO  business.product - [PRODUCT][CREATE][REQ] name='name122', price=213213, stock=123, hasImage=true
2025-08-12 14:23:55.486 [http-nio-8080-exec-5] INFO  business.product - [PRODUCT][IMAGE][SAVE] name='name122' -> /upload/2025/08/12/54ecd51b-6bbd-4cb2-96a0-c704bb186aba.jpg
2025-08-12 14:23:55.509 [http-nio-8080-exec-5] INFO  business.product - [PRODUCT][CREATE][RES] id=4, name='name122', price=213213, stock=123, imageUrl=/upload/2025/08/12/54ecd51b-6bbd-4cb2-96a0-c704bb186aba.jpg
2025-08-12 16:12:19.086 [http-nio-8080-exec-4] INFO  business.product - [PRODUCT][UPDATE][REQ] id=1, name='수정', price=123, stock=1233, changeImage=true
2025-08-12 16:12:19.106 [http-nio-8080-exec-4] INFO  business.product - [PRODUCT][IMAGE][DELETE] id=1, oldUrl=/origin/image1.jpg
2025-08-12 16:12:19.109 [http-nio-8080-exec-4] INFO  business.product - [PRODUCT][IMAGE][SAVE] id=1, newUrl=/upload/2025/08/12/533c2268-511c-44dc-a99e-b4f9f7135dae.jpg
2025-08-12 16:12:19.109 [http-nio-8080-exec-4] INFO  business.product - [PRODUCT][UPDATE][RES] id=1, name='수정', price=123, stock=1233, imageUrl=/upload/2025/08/12/533c2268-511c-44dc-a99e-b4f9f7135dae.jpg
2025-08-12 16:35:49.134 [http-nio-8080-exec-3] INFO  business.product - [PRODUCT][CREATE][REQ] name='string', price=1073741824, stock=1073741824, hasImage=true
2025-08-12 16:35:49.139 [http-nio-8080-exec-3] INFO  business.product - [PRODUCT][IMAGE][SAVE] name='string' -> /upload/2025/08/12/bb7affba-3147-4184-9c8a-cc06dd727ac4.jpg
2025-08-12 16:35:49.161 [http-nio-8080-exec-3] INFO  business.product - [PRODUCT][CREATE][RES] id=4, name='string', price=1073741824, stock=1073741824, imageUrl=/upload/2025/08/12/bb7affba-3147-4184-9c8a-cc06dd727ac4.jpg
2025-08-12 16:37:59.721 [http-nio-8080-exec-3] INFO  business.product - [STOCK][ORDER][DECREASE] productId=3, name='Apple Watch', before=200, delta=-2, after=198
2025-08-12 16:37:59.722 [http-nio-8080-exec-3] INFO  business.product - [STOCK][ORDER][DECREASE] productId=1, name='MacBook Pro', before=50, delta=-2, after=48
2025-08-12 16:37:59.723 [http-nio-8080-exec-3] INFO  business.product - [STOCK][ORDER][DECREASE] productId=2, name='iPad Pro', before=100, delta=-2, after=98
2025-08-12 17:27:09.606 [http-nio-8080-exec-7] INFO  business.product - [STOCK][ORDER][DECREASE] productId=1, name='MacBook Pro', before=50, delta=-1, after=49
2025-08-12 17:27:09.607 [http-nio-8080-exec-7] INFO  business.product - [STOCK][ORDER][DECREASE] productId=2, name='iPad Pro', before=100, delta=-3, after=97
